<?xml version="1.0" encoding="UTF-8"?>
<testng-results ignored="0" total="1" passed="1" failed="0" skipped="0">
  <reporter-output>
  </reporter-output>
  <suite started-at="2024-02-03T18:04:48 CET" name="Default suite" finished-at="2024-02-03T18:05:03 CET" duration-ms="15159">
    <groups>
    </groups>
    <test started-at="2024-02-03T18:04:48 CET" name="Default test" finished-at="2024-02-03T18:05:03 CET" duration-ms="15159">
      <class name="com.maven.MavenWebDriver.TestngMavenDemo">
        <test-method is-config="true" signature="beforetest()[pri:0, instance:com.maven.MavenWebDriver.TestngMavenDemo@2c767a52]" started-at="2024-02-03T18:04:48 CET" name="beforetest" finished-at="2024-02-03T18:04:55 CET" duration-ms="6618" status="PASS">
          <reporter-output>
          </reporter-output>
        </test-method> <!-- beforetest -->
        <test-method signature="login()[pri:0, instance:com.maven.MavenWebDriver.TestngMavenDemo@2c767a52]" started-at="2024-02-03T18:04:55 CET" name="login" finished-at="2024-02-03T18:05:01 CET" duration-ms="6285" status="PASS">
          <reporter-output>
          </reporter-output>
        </test-method> <!-- login -->
        <test-method is-config="true" signature="aftertest()[pri:0, instance:com.maven.MavenWebDriver.TestngMavenDemo@2c767a52]" started-at="2024-02-03T18:05:01 CET" name="aftertest" finished-at="2024-02-03T18:05:03 CET" duration-ms="2220" status="PASS">
          <reporter-output>
          </reporter-output>
        </test-method> <!-- aftertest -->
      </class> <!-- com.maven.MavenWebDriver.TestngMavenDemo -->
    </test> <!-- Default test -->
  </suite> <!-- Default suite -->
</testng-results>
