<?xml version="1.0" encoding="UTF-8"?>
<testng-results ignored="0" total="2" passed="2" failed="0" skipped="0">
  <reporter-output>
  </reporter-output>
  <suite started-at="2024-01-08T14:02:05 CET" name="Default suite" finished-at="2024-01-08T14:02:05 CET" duration-ms="53">
    <groups>
    </groups>
    <test started-at="2024-01-08T14:02:05 CET" name="Default test" finished-at="2024-01-08T14:02:05 CET" duration-ms="53">
      <class name="com.testng.DataProviderClass">
        <test-method signature="myTest(java.lang.String)[pri:0, instance:com.testng.DataProviderClass@1cbbffcd]" started-at="2024-01-08T14:02:05 CET" name="myTest" data-provider="data-provider" finished-at="2024-01-08T14:02:05 CET" duration-ms="6" status="PASS">
          <params>
            <param index="0">
              <value>
                <![CDATA[First-Value]]>
              </value>
            </param>
          </params>
          <reporter-output>
          </reporter-output>
        </test-method> <!-- myTest -->
        <test-method signature="myTest(java.lang.String)[pri:0, instance:com.testng.DataProviderClass@1cbbffcd]" started-at="2024-01-08T14:02:05 CET" name="myTest" data-provider="data-provider" finished-at="2024-01-08T14:02:05 CET" duration-ms="2" status="PASS">
          <params>
            <param index="0">
              <value>
                <![CDATA[Second-Value]]>
              </value>
            </param>
          </params>
          <reporter-output>
          </reporter-output>
        </test-method> <!-- myTest -->
      </class> <!-- com.testng.DataProviderClass -->
    </test> <!-- Default test -->
  </suite> <!-- Default suite -->
</testng-results>
